<?xml version="1.0" encoding="UTF-8"?>
<!-- Generated by org.testng.reporters.JUnitXMLReporter -->
<testsuite ignored="0" hostname="Cihan" failures="0" tests="19" name="Surefire test" time="15.954" errors="0" timestamp="2023-05-19T21:29:48 TRT">
  <testcase classname="ApiTests.RFQMicroserviceTests" name="verifyRFQList" time="2.195"/>
  <testcase classname="ApiTests.RFQMicroserviceTests" name="verifySpecificRFQByUUID" time="0.493"/>
  <testcase classname="ApiTests.RFQMicroserviceTests" name="verifyMaterialsForSpecificRFQByUUID" time="0.477"/>
  <testcase classname="ApiTests.RFQMicroserviceTests" name="verifyMaterialsForUnAvaialableRFQByUUID" time="0.484"/>
  <testcase classname="ApiTests.RFQMicroserviceTests" name="verifySuppliersForSpecificRFQByUUID" time="2.41"/>
  <testcase classname="ApiTests.RFQMicroserviceTests" name="verifySuppliersForUnAvaialableRFQByUUID" time="0.438"/>
  <testcase classname="ApiTests.RFQMicroserviceTests" name="verifyCreateMaterialForRFQ" time="1.358"/>
  <testcase classname="ApiTests.RFQMicroserviceTests" name="verifyCreateMaterialWithInvalidInputForRFQ" time="0.443"/>
  <testcase classname="ApiTests.RFQMicroserviceTests" name="verifyCreateMaterialForUnavailableRFQ" time="0.433"/>
  <testcase classname="ApiTests.RFQMicroserviceTests" name="verifyCreateSupplierForRFQ" time="0.417"/>
  <testcase classname="ApiTests.RFQMicroserviceTests" name="verifyCreateSupplierWithInvalidInputForRFQ" time="0.409"/>
  <testcase classname="ApiTests.RFQMicroserviceTests" name="verifyCreateSupplierForUnavailableRFQ" time="0.404"/>
  <testcase classname="ApiTests.RFQMicroserviceTests" name="verifyCreateRFQ" time="0.403"/>
  <testcase classname="ApiTests.RFQMicroserviceTests" name="verifyCreateRFQWithInvalidInput" time="0.407"/>
  <testcase classname="ApiTests.RFQMicroserviceTests" name="verifyUpdateRFQByUUID" time="2.406"/>
  <testcase classname="ApiTests.RFQMicroserviceTests" name="verifyUpdateInvalidInputForRFQByUUID" time="0.581"/>
  <testcase classname="ApiTests.RFQMicroserviceTests" name="verifyUpdateUnavailableRFQByUUID" time="0.412"/>
  <testcase classname="ApiTests.RFQMicroserviceTests" name="verifyDeleteSpecifiqRFQByUUID" time="0.404"/>
  <testcase classname="ApiTests.RFQMicroserviceTests" name="verifyDeleteUnavailableRFQByUUID" time="0.406"/>
</testsuite> <!-- Surefire test -->
