<?xml version="1.0" encoding="UTF-8"?>
<testsuite xmlns:xsi="http://www.w3.org/2001/XMLSchema-instance" xsi:noNamespaceSchemaLocation="https://maven.apache.org/surefire/maven-surefire-plugin/xsd/surefire-test-report.xsd" name="ApiTests.RFQMicroserviceTests" time="16.65" tests="19" errors="0" skipped="0" failures="0">
  <properties>
[...]
</properties>
  <testcase name="verifyRFQList" classname="ApiTests.RFQMicroserviceTests" time="2.197"/>
  <testcase name="verifySpecificRFQByUUID" classname="ApiTests.RFQMicroserviceTests" time="0.493"/>
  <testcase name="verifyMaterialsForSpecificRFQByUUID" classname="ApiTests.RFQMicroserviceTests" time="0.478"/>
  <testcase name="verifyMaterialsForUnAvaialableRFQByUUID" classname="ApiTests.RFQMicroserviceTests" time="0.485"/>
  <testcase name="verifySuppliersForSpecificRFQByUUID" classname="ApiTests.RFQMicroserviceTests" time="2.41"/>
  <testcase name="verifySuppliersForUnAvaialableRFQByUUID" classname="ApiTests.RFQMicroserviceTests" time="0.439"/>
  <testcase name="verifyCreateMaterialForRFQ" classname="ApiTests.RFQMicroserviceTests" time="1.357"/>
  <testcase name="verifyCreateMaterialWithInvalidInputForRFQ" classname="ApiTests.RFQMicroserviceTests" time="0.442"/>
  <testcase name="verifyCreateMaterialForUnavailableRFQ" classname="ApiTests.RFQMicroserviceTests" time="0.433"/>
  <testcase name="verifyCreateSupplierForRFQ" classname="ApiTests.RFQMicroserviceTests" time="0.417"/>
  <testcase name="verifyCreateSupplierWithInvalidInputForRFQ" classname="ApiTests.RFQMicroserviceTests" time="0.409"/>
  <testcase name="verifyCreateSupplierForUnavailableRFQ" classname="ApiTests.RFQMicroserviceTests" time="0.403"/>
  <testcase name="verifyCreateRFQ" classname="ApiTests.RFQMicroserviceTests" time="0.403"/>
  <testcase name="verifyCreateRFQWithInvalidInput" classname="ApiTests.RFQMicroserviceTests" time="0.407"/>
  <testcase name="verifyUpdateRFQByUUID" classname="ApiTests.RFQMicroserviceTests" time="2.407"/>
  <testcase name="verifyUpdateInvalidInputForRFQByUUID" classname="ApiTests.RFQMicroserviceTests" time="0.582"/>
  <testcase name="verifyUpdateUnavailableRFQByUUID" classname="ApiTests.RFQMicroserviceTests" time="0.413"/>
  <testcase name="verifyDeleteSpecifiqRFQByUUID" classname="ApiTests.RFQMicroserviceTests" time="0.405"/>
  <testcase name="verifyDeleteUnavailableRFQByUUID" classname="ApiTests.RFQMicroserviceTests" time="0.406"/>
</testsuite>