<?xml version="1.0" encoding="UTF-8"?>
<testng-results ignored="0" total="19" passed="19" failed="0" skipped="0">
  <reporter-output>
    <line>
      <![CDATA[baseURI is configured in beforeClass method]]>
    </line>
    <line>
      <![CDATA[RFQList get request status code is 200]]>
    </line>
  </reporter-output>
  <suite started-at="2023-05-19T21:29:32 TRT" name="Surefire suite" finished-at="2023-05-19T21:29:48 TRT" duration-ms="15954">
    <groups>
    </groups>
    <test started-at="2023-05-19T21:29:32 TRT" name="Surefire test" finished-at="2023-05-19T21:29:48 TRT" duration-ms="15954">
      <class name="ApiTests.RFQMicroserviceTests">
        <test-method is-config="true" signature="setupURI()[pri:0, instance:ApiTests.RFQMicroserviceTests@7813cb11]" started-at="2023-05-19T21:29:32 TRT" name="setupURI" finished-at="2023-05-19T21:29:33 TRT" duration-ms="905" status="PASS">
          <reporter-output>
            <line>
              <![CDATA[baseURI is configured in beforeClass method]]>
            </line>
          </reporter-output>
        </test-method> <!-- setupURI -->
        <test-method signature="verifyRFQList()[pri:0, instance:ApiTests.RFQMicroserviceTests@7813cb11]" started-at="2023-05-19T21:29:33 TRT" name="verifyRFQList" finished-at="2023-05-19T21:29:35 TRT" duration-ms="2195" status="PASS">
          <reporter-output>
            <line>
              <![CDATA[RFQList get request status code is 200]]>
            </line>
          </reporter-output>
        </test-method> <!-- verifyRFQList -->
        <test-method signature="verifySpecificRFQByUUID()[pri:1, instance:ApiTests.RFQMicroserviceTests@7813cb11]" started-at="2023-05-19T21:29:35 TRT" name="verifySpecificRFQByUUID" finished-at="2023-05-19T21:29:35 TRT" duration-ms="493" status="PASS">
          <reporter-output>
          </reporter-output>
        </test-method> <!-- verifySpecificRFQByUUID -->
        <test-method signature="verifyMaterialsForSpecificRFQByUUID()[pri:2, instance:ApiTests.RFQMicroserviceTests@7813cb11]" started-at="2023-05-19T21:29:35 TRT" name="verifyMaterialsForSpecificRFQByUUID" finished-at="2023-05-19T21:29:36 TRT" duration-ms="477" status="PASS">
          <reporter-output>
          </reporter-output>
        </test-method> <!-- verifyMaterialsForSpecificRFQByUUID -->
        <test-method signature="verifyMaterialsForUnAvaialableRFQByUUID()[pri:3, instance:ApiTests.RFQMicroserviceTests@7813cb11]" started-at="2023-05-19T21:29:36 TRT" name="verifyMaterialsForUnAvaialableRFQByUUID" finished-at="2023-05-19T21:29:36 TRT" duration-ms="484" status="PASS">
          <reporter-output>
          </reporter-output>
        </test-method> <!-- verifyMaterialsForUnAvaialableRFQByUUID -->
        <test-method signature="verifySuppliersForSpecificRFQByUUID()[pri:4, instance:ApiTests.RFQMicroserviceTests@7813cb11]" started-at="2023-05-19T21:29:36 TRT" name="verifySuppliersForSpecificRFQByUUID" finished-at="2023-05-19T21:29:39 TRT" duration-ms="2410" status="PASS">
          <reporter-output>
          </reporter-output>
        </test-method> <!-- verifySuppliersForSpecificRFQByUUID -->
        <test-method signature="verifySuppliersForUnAvaialableRFQByUUID()[pri:5, instance:ApiTests.RFQMicroserviceTests@7813cb11]" started-at="2023-05-19T21:29:39 TRT" name="verifySuppliersForUnAvaialableRFQByUUID" finished-at="2023-05-19T21:29:39 TRT" duration-ms="438" status="PASS">
          <reporter-output>
          </reporter-output>
        </test-method> <!-- verifySuppliersForUnAvaialableRFQByUUID -->
        <test-method signature="verifyCreateMaterialForRFQ()[pri:6, instance:ApiTests.RFQMicroserviceTests@7813cb11]" started-at="2023-05-19T21:29:39 TRT" name="verifyCreateMaterialForRFQ" finished-at="2023-05-19T21:29:41 TRT" duration-ms="1358" status="PASS">
          <reporter-output>
          </reporter-output>
        </test-method> <!-- verifyCreateMaterialForRFQ -->
        <test-method signature="verifyCreateMaterialWithInvalidInputForRFQ()[pri:7, instance:ApiTests.RFQMicroserviceTests@7813cb11]" started-at="2023-05-19T21:29:41 TRT" name="verifyCreateMaterialWithInvalidInputForRFQ" finished-at="2023-05-19T21:29:41 TRT" duration-ms="443" status="PASS">
          <reporter-output>
          </reporter-output>
        </test-method> <!-- verifyCreateMaterialWithInvalidInputForRFQ -->
        <test-method signature="verifyCreateMaterialForUnavailableRFQ()[pri:8, instance:ApiTests.RFQMicroserviceTests@7813cb11]" started-at="2023-05-19T21:29:41 TRT" name="verifyCreateMaterialForUnavailableRFQ" finished-at="2023-05-19T21:29:42 TRT" duration-ms="433" status="PASS">
          <reporter-output>
          </reporter-output>
        </test-method> <!-- verifyCreateMaterialForUnavailableRFQ -->
        <test-method signature="verifyCreateSupplierForRFQ()[pri:9, instance:ApiTests.RFQMicroserviceTests@7813cb11]" started-at="2023-05-19T21:29:42 TRT" name="verifyCreateSupplierForRFQ" finished-at="2023-05-19T21:29:42 TRT" duration-ms="417" status="PASS">
          <reporter-output>
          </reporter-output>
        </test-method> <!-- verifyCreateSupplierForRFQ -->
        <test-method signature="verifyCreateSupplierWithInvalidInputForRFQ()[pri:10, instance:ApiTests.RFQMicroserviceTests@7813cb11]" started-at="2023-05-19T21:29:42 TRT" name="verifyCreateSupplierWithInvalidInputForRFQ" finished-at="2023-05-19T21:29:42 TRT" duration-ms="409" status="PASS">
          <reporter-output>
          </reporter-output>
        </test-method> <!-- verifyCreateSupplierWithInvalidInputForRFQ -->
        <test-method signature="verifyCreateSupplierForUnavailableRFQ()[pri:11, instance:ApiTests.RFQMicroserviceTests@7813cb11]" started-at="2023-05-19T21:29:42 TRT" name="verifyCreateSupplierForUnavailableRFQ" finished-at="2023-05-19T21:29:43 TRT" duration-ms="404" status="PASS">
          <reporter-output>
          </reporter-output>
        </test-method> <!-- verifyCreateSupplierForUnavailableRFQ -->
        <test-method signature="verifyCreateRFQ()[pri:12, instance:ApiTests.RFQMicroserviceTests@7813cb11]" started-at="2023-05-19T21:29:43 TRT" name="verifyCreateRFQ" finished-at="2023-05-19T21:29:43 TRT" duration-ms="403" status="PASS">
          <reporter-output>
          </reporter-output>
        </test-method> <!-- verifyCreateRFQ -->
        <test-method signature="verifyCreateRFQWithInvalidInput()[pri:13, instance:ApiTests.RFQMicroserviceTests@7813cb11]" started-at="2023-05-19T21:29:43 TRT" name="verifyCreateRFQWithInvalidInput" finished-at="2023-05-19T21:29:44 TRT" duration-ms="407" status="PASS">
          <reporter-output>
          </reporter-output>
        </test-method> <!-- verifyCreateRFQWithInvalidInput -->
        <test-method signature="verifyUpdateRFQByUUID()[pri:14, instance:ApiTests.RFQMicroserviceTests@7813cb11]" started-at="2023-05-19T21:29:44 TRT" name="verifyUpdateRFQByUUID" finished-at="2023-05-19T21:29:46 TRT" duration-ms="2406" status="PASS">
          <reporter-output>
          </reporter-output>
        </test-method> <!-- verifyUpdateRFQByUUID -->
        <test-method signature="verifyUpdateInvalidInputForRFQByUUID()[pri:15, instance:ApiTests.RFQMicroserviceTests@7813cb11]" started-at="2023-05-19T21:29:46 TRT" name="verifyUpdateInvalidInputForRFQByUUID" finished-at="2023-05-19T21:29:47 TRT" duration-ms="581" status="PASS">
          <reporter-output>
          </reporter-output>
        </test-method> <!-- verifyUpdateInvalidInputForRFQByUUID -->
        <test-method signature="verifyUpdateUnavailableRFQByUUID()[pri:16, instance:ApiTests.RFQMicroserviceTests@7813cb11]" started-at="2023-05-19T21:29:47 TRT" name="verifyUpdateUnavailableRFQByUUID" finished-at="2023-05-19T21:29:47 TRT" duration-ms="412" status="PASS">
          <reporter-output>
          </reporter-output>
        </test-method> <!-- verifyUpdateUnavailableRFQByUUID -->
        <test-method signature="verifyDeleteSpecifiqRFQByUUID()[pri:17, instance:ApiTests.RFQMicroserviceTests@7813cb11]" started-at="2023-05-19T21:29:47 TRT" name="verifyDeleteSpecifiqRFQByUUID" finished-at="2023-05-19T21:29:47 TRT" duration-ms="404" status="PASS">
          <reporter-output>
          </reporter-output>
        </test-method> <!-- verifyDeleteSpecifiqRFQByUUID -->
        <test-method signature="verifyDeleteUnavailableRFQByUUID()[pri:18, instance:ApiTests.RFQMicroserviceTests@7813cb11]" started-at="2023-05-19T21:29:47 TRT" name="verifyDeleteUnavailableRFQByUUID" finished-at="2023-05-19T21:29:48 TRT" duration-ms="406" status="PASS">
          <reporter-output>
          </reporter-output>
        </test-method> <!-- verifyDeleteUnavailableRFQByUUID -->
      </class> <!-- ApiTests.RFQMicroserviceTests -->
    </test> <!-- Surefire test -->
  </suite> <!-- Surefire suite -->
</testng-results>
